host mmap_min_addr=0x10000
Relocating guest address space from 0x00400000 to 0x400000
guest_base  0x0
start    end      size     prot
00000400-00004400 00004000 r-x
003b3c00-00016000 ffc62400 rw-
00010000-00030000 00020000 rw-
00040000-00041000 00001000 ---
00041000-00041800 00000800 rw-
start_brk   0x00000000
end_code    0x00403624
start_code  0x00400000
start_data  0x03fb0000
end_data    0x10000000
start_stack 0x408005d8
brk         0x30000000
entry       0x00401000
[CPUSTATE] R00=03ffdae1 R01=03ffccaa R02=03ff4b00 R03=03ff96ea
[CPUSTATE] R04=6bb4a8e2 R05=00000735 R06=000005b4 R07=00001bd6
[CPUSTATE] R08=315f9fd1 R09=00000100 R10=00000000 R11=000000ff
[CPUSTATE] R12=00000000 R13=fffffffe R14=0000006e R15=004025d4
[CPUSTATE] PSR=d8040010 NZ-V A usr32
